<?xml version="1.0" encoding="UTF-8"?>
<!-- Generated by org.testng.reporters.JUnitXMLReporter -->
<testsuite hostname="GFITFTLAPT01113" ignored="0" name="ValidateLogin" tests="7" failures="0" timestamp="10 Oct 2017 06:17:21 GMT" time="90.544" errors="0">
  <testcase name="Valogin" time="12.62" classname="com.automation.inventorymanagement.ValidateLogin"/>
  <testcase name="Valogin" time="11.452" classname="com.automation.inventorymanagement.ValidateLogin"/>
  <testcase name="Valogin" time="14.119" classname="com.automation.inventorymanagement.ValidateLogin"/>
  <testcase name="Valogin" time="11.765" classname="com.automation.inventorymanagement.ValidateLogin"/>
  <testcase name="Valogin" time="11.67" classname="com.automation.inventorymanagement.ValidateLogin"/>
  <testcase name="Valogin" time="13.366" classname="com.automation.inventorymanagement.ValidateLogin"/>
  <testcase name="Valogin" time="11.431" classname="com.automation.inventorymanagement.ValidateLogin"/>
</testsuite> <!-- ValidateLogin -->
