<?xml version="1.0" encoding="UTF-8"?>
<!-- Generated by org.testng.reporters.JUnitXMLReporter -->
<testsuite hostname="Jake" ignored="0" name="ValidateLogin" tests="7" failures="0" timestamp="08 Oct 2017 10:10:15 GMT" time="102.759" errors="0">
  <testcase name="Valogin" time="22.199" classname="com.automation.inventorymanagement.ValidateLogin"/>
  <testcase name="Valogin" time="12.282" classname="com.automation.inventorymanagement.ValidateLogin"/>
  <testcase name="Valogin" time="12.0" classname="com.automation.inventorymanagement.ValidateLogin"/>
  <testcase name="Valogin" time="11.877" classname="com.automation.inventorymanagement.ValidateLogin"/>
  <testcase name="Valogin" time="12.041" classname="com.automation.inventorymanagement.ValidateLogin"/>
  <testcase name="Valogin" time="12.074" classname="com.automation.inventorymanagement.ValidateLogin"/>
  <testcase name="Valogin" time="11.982" classname="com.automation.inventorymanagement.ValidateLogin"/>
</testsuite> <!-- ValidateLogin -->
