<?xml version="1.0" encoding="UTF-8"?>
<!-- Generated by org.testng.reporters.JUnitXMLReporter -->
<testsuite hostname="GFITFTLAPT01113" ignored="0" name="ValidateUnitOfMeasure" tests="2" failures="1" timestamp="10 Oct 2017 11:56:33 GMT" time="95.998" errors="0">
  <testcase name="Openreport" time="4.152" classname="com.automation.testbase.TestBase">
    <failure type="org.openqa.selenium.WebDriverException" message="[Exception... &amp;quot;The URI scheme corresponds to an unknown protocol handler&amp;quot;  nsresult: &amp;quot;0x804b0012 (NS_ERROR_UNKNOWN_PROTOCOL)&amp;quot;  location: &amp;quot;JS frame :: chrome://marionette/content/listener.js :: get/&amp;lt; :: line 1210&amp;quot;  data: no]
Build info: version: &amp;apos;3.6.0&amp;apos;, revision: &amp;apos;6fbf3ec767&amp;apos;, time: &amp;apos;2017-09-27T16:15:26.402Z&amp;apos;
System info: host: &amp;apos;GFITFTLAPT01113&amp;apos;, ip: &amp;apos;10.100.9.38&amp;apos;, os.name: &amp;apos;Windows 10&amp;apos;, os.arch: &amp;apos;amd64&amp;apos;, os.version: &amp;apos;10.0&amp;apos;, java.version: &amp;apos;1.8.0_144&amp;apos;
Driver info: org.openqa.selenium.firefox.FirefoxDriver
Capabilities [{moz:profile=C:\Users\jake.bachiller\AppData\Local\Temp\rust_mozprofile.AFn1m5Vuyghf, rotatable=false, timeouts={implicit=0, pageLoad=300000, script=30000}, pageLoadStrategy=normal, moz:headless=false, platform=XP, specificationLevel=0, moz:accessibilityChecks=false, acceptInsecureCerts=true, browserVersion=56.0, platformVersion=10.0, moz:processID=3536, browserName=firefox, javascriptEnabled=true, platformName=XP}]
Session ID: 84360ea3-39be-4a06-a721-bd68b25d7bdd">
      <![CDATA[org.openqa.selenium.WebDriverException: [Exception... "The URI scheme corresponds to an unknown protocol handler"  nsresult: "0x804b0012 (NS_ERROR_UNKNOWN_PROTOCOL)"  location: "JS frame :: chrome://marionette/content/listener.js :: get/< :: line 1210"  data: no]
Build info: version: '3.6.0', revision: '6fbf3ec767', time: '2017-09-27T16:15:26.402Z'
System info: host: 'GFITFTLAPT01113', ip: '10.100.9.38', os.name: 'Windows 10', os.arch: 'amd64', os.version: '10.0', java.version: '1.8.0_144'
Driver info: org.openqa.selenium.firefox.FirefoxDriver
Capabilities [{moz:profile=C:\Users\jake.bachiller\AppData\Local\Temp\rust_mozprofile.AFn1m5Vuyghf, rotatable=false, timeouts={implicit=0, pageLoad=300000, script=30000}, pageLoadStrategy=normal, moz:headless=false, platform=XP, specificationLevel=0, moz:accessibilityChecks=false, acceptInsecureCerts=true, browserVersion=56.0, platformVersion=10.0, moz:processID=3536, browserName=firefox, javascriptEnabled=true, platformName=XP}]
Session ID: 84360ea3-39be-4a06-a721-bd68b25d7bdd
	at org.openqa.selenium.remote.http.W3CHttpResponseCodec.createException(W3CHttpResponseCodec.java:185)
	at org.openqa.selenium.remote.http.W3CHttpResponseCodec.decode(W3CHttpResponseCodec.java:120)
	at org.openqa.selenium.remote.http.W3CHttpResponseCodec.decode(W3CHttpResponseCodec.java:49)
	at org.openqa.selenium.remote.HttpCommandExecutor.execute(HttpCommandExecutor.java:164)
	at org.openqa.selenium.remote.service.DriverCommandExecutor.execute(DriverCommandExecutor.java:83)
	at org.openqa.selenium.remote.RemoteWebDriver.execute(RemoteWebDriver.java:586)
	at org.openqa.selenium.remote.RemoteWebDriver.get(RemoteWebDriver.java:310)
	at com.automation.testbase.TestBase.Openreport(TestBase.java:98)
... Removed 29 stack frames]]>
    </failure>
  </testcase> <!-- Openreport -->
  <testcase name="ValidateDefineUnitofMeasureforQuantity" time="36.95" classname="com.automation.inventorymanagement.ValidateUnitOfMeasure"/>
</testsuite> <!-- ValidateUnitOfMeasure -->
